<?xml version="1.0" encoding="UTF-8"?>
<!-- Generated by org.testng.reporters.JUnitReportReporter -->
<testsuite skipped="0" hostname="DESKTOP-R408AKF" name="com.data.DataProviderConcept" tests="3" failures="0" timestamp="06 Jan 2020 13:13:47 GMT" time="52.573" errors="0">
  <testcase name="testcase" time="20.288" classname="com.data.DataProviderConcept"/>
  <testcase name="testcase" time="14.542" classname="com.data.DataProviderConcept"/>
  <testcase name="testcase" time="17.743" classname="com.data.DataProviderConcept"/>
</testsuite> <!-- com.data.DataProviderConcept -->
