<?xml version="1.0" encoding="UTF-8"?>
<!-- Generated by org.testng.reporters.JUnitReportReporter -->
<testsuite skipped="0" hostname="DESKTOP-R408AKF" name="com.dxp.qa.testcases.SignupTest" tests="1" failures="0" timestamp="09 Jan 2020 15:35:24 GMT" time="22.615" errors="0">
  <testcase name="signup_test" time="22.615" classname="com.dxp.qa.testcases.SignupTest"/>
</testsuite> <!-- com.dxp.qa.testcases.SignupTest -->
