<?xml version="1.0" encoding="UTF-8"?>
<!-- Generated by org.testng.reporters.JUnitReportReporter -->
<testsuite skipped="0" hostname="DESKTOP-R408AKF" name="com.testing.framework.AppTest" tests="1" failures="0" timestamp="2020-01-08T23:32:12 IST" time="0.015" errors="0">
  <testcase name="shouldAnswerWithTrue" time="0.015" classname="com.testing.framework.AppTest"/>
  <system-out/>
</testsuite> <!-- com.testing.framework.AppTest -->
