<?xml version="1.0" encoding="UTF-8"?>
<!-- Generated by org.testng.reporters.JUnitReportReporter -->
<testsuite skipped="0" hostname="DESKTOP-R408AKF" name="com.testing.framework.HomePage" tests="1" failures="0" timestamp="08 Jan 2020 17:57:27 GMT" time="8.539" errors="0">
  <testcase name="Navigation" time="8.539" classname="com.testing.framework.HomePage"/>
</testsuite> <!-- com.testing.framework.HomePage -->
