<?xml version="1.0" encoding="UTF-8"?>
<!-- Generated by org.testng.reporters.JUnitReportReporter -->
<testsuite skipped="0" hostname="DESKTOP-R408AKF" name="com.testing.framework.HomePageTest" tests="4" failures="0" timestamp="09 Jan 2020 07:38:43 GMT" time="17.375" errors="0">
  <testcase name="Navigation" time="0.111" classname="com.testing.framework.HomePageTest"/>
  <testcase name="validate_text_registor" time="0.048" classname="com.testing.framework.HomePageTest"/>
  <testcase name="login_page_data" time="7.577" classname="com.testing.framework.HomePageTest"/>
  <testcase name="login_page_data" time="9.639" classname="com.testing.framework.HomePageTest"/>
</testsuite> <!-- com.testing.framework.HomePageTest -->
