<?xml version="1.0" encoding="UTF-8"?>
<!-- Generated by org.testng.reporters.JUnitReportReporter -->
<testsuite skipped="0" hostname="DESKTOP-R408AKF" name="com.api.tests.RestAssuredTest" tests="1" failures="0" timestamp="01 Feb 2020 07:16:38 GMT" time="4.711" errors="0">
  <testcase name="Season1" time="4.711" classname="com.api.tests.RestAssuredTest"/>
</testsuite> <!-- com.api.tests.RestAssuredTest -->
