<?xml version="1.0" encoding="UTF-8"?>
<!-- Generated by org.testng.reporters.JUnitReportReporter -->
<testsuite skipped="0" hostname="DESKTOP-R408AKF" name="com.testing.framework.HomePageTest" tests="3" failures="0" timestamp="2020-01-09T12:59:58 IST" time="11.401" errors="0">
  <testcase name="Navigation" time="3.207" classname="com.testing.framework.HomePageTest"/>
  <system-out/>
  <testcase name="validate_text_registor" time="0.043" classname="com.testing.framework.HomePageTest"/>
  <system-out/>
  <testcase name="login_page_data" time="8.151" classname="com.testing.framework.HomePageTest"/>
  <system-out/>
</testsuite> <!-- com.testing.framework.HomePageTest -->
